Arguments: 
  C:\Program Files\nodejs\node.exe C:\Users\logan\AppData\Roaming\npm\node_modules\yarn\bin\yarn.js add use-spotify-song

PATH: 
  C:\WINDOWS\system32;C:\WINDOWS;C:\WINDOWS\System32\Wbem;C:\WINDOWS\System32\WindowsPowerShell\v1.0\;C:\WINDOWS\System32\OpenSSH\;C:\Program Files\Git\cmd;C:\Program Files\nodejs\;C:\Program Files (x86)\Go\bin;C:\Program Files\Microsoft SQL Server\150\Tools\Binn\;C:\Program Files\Microsoft SQL Server\Client SDK\ODBC\170\Tools\Binn\;C:\Program Files\dotnet\;C:\Users\logan\AppData\Local\Programs\Python\Python311\Scripts\;C:\Users\logan\AppData\Local\Programs\Python\Python311\;C:\Users\logan\AppData\Local\Microsoft\WindowsApps;C:\Users\logan\AppData\Local\Programs\Microsoft VS Code\bin;C:\Users\logan\AppData\Local\GitHubDesktop\bin;C:\Users\logan\AppData\Roaming\npm;C:\Users\logan\go\bin;C:\MinGW\bin;C:\Users\logan\.dotnet\tools

Yarn version: 
  1.22.19

Node version: 
  18.15.0

Platform: 
  win32 x64

Trace: 
  Error: EPERM: operation not permitted, unlink 'C:\Users\logan\Desktop\katsubio\node_modules\@next\swc-win32-x64-msvc\next-swc.win32-x64-msvc.node'

npm manifest: 
  {
    "name": "katsubio",
    "version": "0.1.0",
    "private": true,
    "scripts": {
      "dev": "next dev",
      "build": "next build",
      "start": "next start",
      "lint": "next lint"
    },
    "dependencies": {
      "@nextui-org/react": "^1.0.0-beta.12",
      "@types/node": "18.15.11",
      "@types/react": "18.0.31",
      "@types/react-dom": "18.0.11",
      "@vercel/analytics": "^0.1.11",
      "axios": "^1.3.5",
      "eslint": "8.37.0",
      "eslint-config-next": "13.2.4",
      "next": "13.2.4",
      "querystring": "^0.2.1",
      "react": "18.2.0",
      "react-copy-to-clipboard": "^5.1.0",
      "react-dom": "18.2.0",
      "react-icons": "^4.8.0",
      "react-tippy": "^1.4.0",
      "react-toastify": "^9.1.2",
      "swr": "^2.1.3",
      "typescript": "5.0.2"
    }
  }

yarn manifest: 
  No manifest

Lockfile: 
  No lockfile
